

Started GET "/" for ::1 at 2016-11-14 15:35:23 +0000
Processing by Rails::WelcomeController#index as HTML
  Rendered /Users/Home/.rvm/gems/ruby-2.3.0/gems/railties-4.2.7.1/lib/rails/templates/rails/welcome/index.html.erb (1.2ms)
Completed 200 OK in 13ms (Views: 6.6ms | ActiveRecord: 0.0ms)
  [1m[36m (5.6ms)[0m  [1mCREATE TABLE "schema_migrations" ("version" character varying NOT NULL) [0m
  [1m[35m (1.1ms)[0m  CREATE UNIQUE INDEX  "unique_schema_migrations" ON "schema_migrations"  ("version")
  [1m[36mActiveRecord::SchemaMigration Load (0.2ms)[0m  [1mSELECT "schema_migrations".* FROM "schema_migrations"[0m
Migrating to CreateRestaurants (20161114172619)
  [1m[35m (0.1ms)[0m  BEGIN
  [1m[36m (3.4ms)[0m  [1mCREATE TABLE "restaurants" ("id" serial primary key, "name" character varying, "rating" integer, "created_at" timestamp NOT NULL, "updated_at" timestamp NOT NULL) [0m
  [1m[35mSQL (0.3ms)[0m  INSERT INTO "schema_migrations" ("version") VALUES ($1)  [["version", "20161114172619"]]
  [1m[36m (0.3ms)[0m  [1mCOMMIT[0m
  [1m[35mActiveRecord::SchemaMigration Load (0.2ms)[0m  SELECT "schema_migrations".* FROM "schema_migrations"
  [1m[36m (2.3ms)[0m  [1mSELECT t2.oid::regclass::text AS to_table, a1.attname AS column, a2.attname AS primary_key, c.conname AS name, c.confupdtype AS on_update, c.confdeltype AS on_delete
FROM pg_constraint c
JOIN pg_class t1 ON c.conrelid = t1.oid
JOIN pg_class t2 ON c.confrelid = t2.oid
JOIN pg_attribute a1 ON a1.attnum = c.conkey[1] AND a1.attrelid = t1.oid
JOIN pg_attribute a2 ON a2.attnum = c.confkey[1] AND a2.attrelid = t2.oid
JOIN pg_namespace t3 ON c.connamespace = t3.oid
WHERE c.contype = 'f'
  AND t1.relname = 'restaurants'
  AND t3.nspname = ANY (current_schemas(false))
ORDER BY c.conname
[0m


Started GET "/" for ::1 at 2016-11-15 11:33:38 +0000
  [1m[36mActiveRecord::SchemaMigration Load (0.5ms)[0m  [1mSELECT "schema_migrations".* FROM "schema_migrations"[0m
Processing by Rails::WelcomeController#index as HTML
  Rendered /Users/Home/.rvm/gems/ruby-2.3.0/gems/railties-4.2.7.1/lib/rails/templates/rails/welcome/index.html.erb (1.5ms)
Completed 200 OK in 16ms (Views: 9.0ms | ActiveRecord: 0.0ms)


Started GET "/restaurants" for ::1 at 2016-11-15 11:33:47 +0000
Processing by RestaurantsController#index as HTML
  Rendered restaurants/index.html.erb within layouts/application (0.2ms)
Completed 200 OK in 377ms (Views: 376.7ms | ActiveRecord: 0.0ms)


Started GET "/assets/restaurants.self-e3b0c44298fc1c149afbf4c8996fb92427ae41e4649b934ca495991b7852b855.css?body=1" for ::1 at 2016-11-15 11:33:47 +0000


Started GET "/assets/jquery.self-bd7ddd393353a8d2480a622e80342adf488fb6006d667e8b42e4c0073393abee.js?body=1" for ::1 at 2016-11-15 11:33:47 +0000


Started GET "/assets/application.self-e80e8f2318043e8af94dddc2adad5a4f09739a8ebb323b3ab31cd71d45fd9113.css?body=1" for ::1 at 2016-11-15 11:33:47 +0000


Started GET "/assets/jquery_ujs.self-784a997f6726036b1993eb2217c9cb558e1cbb801c6da88105588c56f13b466a.js?body=1" for ::1 at 2016-11-15 11:33:47 +0000


Started GET "/assets/turbolinks.self-c5acd7a204f5f25ce7a1d8a0e4d92e28d34c9e2df2c7371cd7af88e147e4ad82.js?body=1" for ::1 at 2016-11-15 11:33:47 +0000


Started GET "/assets/restaurants.self-877aef30ae1b040ab8a3aba4e3e309a11d7f2612f44dde450b5c157aa5f95c05.js?body=1" for ::1 at 2016-11-15 11:33:47 +0000


Started GET "/assets/application.self-3b8dabdc891efe46b9a144b400ad69e37d7e5876bdc39dee783419a69d7ca819.js?body=1" for ::1 at 2016-11-15 11:33:47 +0000


Started GET "/restaurants" for ::1 at 2016-11-15 15:37:21 +0000
  [1m[36mActiveRecord::SchemaMigration Load (0.3ms)[0m  [1mSELECT "schema_migrations".* FROM "schema_migrations"[0m
Processing by RestaurantsController#index as HTML
  [1m[35m (2.4ms)[0m  SELECT COUNT(*) FROM "restaurants"
  Rendered restaurants/index.html.erb within layouts/application (5.3ms)
Completed 200 OK in 208ms (Views: 196.5ms | ActiveRecord: 3.1ms)


Started GET "/restaurants/new" for ::1 at 2016-11-15 15:37:23 +0000
Processing by RestaurantsController#new as HTML
  Rendered restaurants/new.html.erb within layouts/application (38.0ms)
Completed 200 OK in 56ms (Views: 51.4ms | ActiveRecord: 1.8ms)


Started POST "/restaurants" for ::1 at 2016-11-15 15:37:28 +0000
Processing by RestaurantsController#create as HTML
  Parameters: {"utf8"=>"✓", "authenticity_token"=>"jk3xXs+8Ojrz7I7FXvjlKFFVtn6OYDj/PFtQqacZ8LsMyy2oc5yl6tE2N/iAZDOjW5dzNnvc7CvysaUAbRe3fg==", "restaurant"=>{"name"=>"Waffle House"}, "commit"=>"Create Restaurant"}
  [1m[36m (0.2ms)[0m  [1mBEGIN[0m
  [1m[35mSQL (6.2ms)[0m  INSERT INTO "restaurants" ("name", "created_at", "updated_at") VALUES ($1, $2, $3) RETURNING "id"  [["name", "Waffle House"], ["created_at", "2016-11-15 15:37:28.106774"], ["updated_at", "2016-11-15 15:37:28.106774"]]
  [1m[36m (5.0ms)[0m  [1mCOMMIT[0m
Redirected to http://localhost:3000/restaurants
Completed 302 Found in 17ms (ActiveRecord: 11.5ms)


Started GET "/restaurants" for ::1 at 2016-11-15 15:37:28 +0000
Processing by RestaurantsController#index as HTML
  [1m[35m (0.2ms)[0m  SELECT COUNT(*) FROM "restaurants"
  [1m[36mRestaurant Load (0.2ms)[0m  [1mSELECT "restaurants".* FROM "restaurants"[0m
  Rendered restaurants/index.html.erb within layouts/application (1.5ms)
Completed 200 OK in 16ms (Views: 15.5ms | ActiveRecord: 0.4ms)


Started GET "/restaurants/1" for ::1 at 2016-11-15 15:37:29 +0000
Processing by RestaurantsController#show as HTML
  Parameters: {"id"=>"1"}
  [1m[35mRestaurant Load (0.2ms)[0m  SELECT  "restaurants".* FROM "restaurants" WHERE "restaurants"."id" = $1 LIMIT 1  [["id", 1]]
  Rendered restaurants/show.html.erb within layouts/application (0.5ms)
Completed 200 OK in 40ms (Views: 33.3ms | ActiveRecord: 0.2ms)
  [1m[36mActiveRecord::SchemaMigration Load (0.3ms)[0m  [1mSELECT "schema_migrations".* FROM "schema_migrations"[0m
Migrating to AddDescriptionToRestaurants (20161115154022)
  [1m[35m (0.1ms)[0m  BEGIN
  [1m[36m (3.6ms)[0m  [1mALTER TABLE "restaurants" ADD "description" text[0m
  [1m[35mSQL (0.2ms)[0m  INSERT INTO "schema_migrations" ("version") VALUES ($1)  [["version", "20161115154022"]]
  [1m[36m (0.4ms)[0m  [1mCOMMIT[0m
  [1m[35mActiveRecord::SchemaMigration Load (0.1ms)[0m  SELECT "schema_migrations".* FROM "schema_migrations"
  [1m[36m (3.2ms)[0m  [1mSELECT t2.oid::regclass::text AS to_table, a1.attname AS column, a2.attname AS primary_key, c.conname AS name, c.confupdtype AS on_update, c.confdeltype AS on_delete
FROM pg_constraint c
JOIN pg_class t1 ON c.conrelid = t1.oid
JOIN pg_class t2 ON c.confrelid = t2.oid
JOIN pg_attribute a1 ON a1.attnum = c.conkey[1] AND a1.attrelid = t1.oid
JOIN pg_attribute a2 ON a2.attnum = c.confkey[1] AND a2.attrelid = t2.oid
JOIN pg_namespace t3 ON c.connamespace = t3.oid
WHERE c.contype = 'f'
  AND t1.relname = 'restaurants'
  AND t3.nspname = ANY (current_schemas(false))
ORDER BY c.conname
[0m


Started GET "/restaurants/" for ::1 at 2016-11-15 16:12:52 +0000
  [1m[36mActiveRecord::SchemaMigration Load (0.4ms)[0m  [1mSELECT "schema_migrations".* FROM "schema_migrations"[0m
Processing by RestaurantsController#index as HTML
  [1m[35m (0.2ms)[0m  SELECT COUNT(*) FROM "restaurants"
  [1m[36mRestaurant Load (0.1ms)[0m  [1mSELECT "restaurants".* FROM "restaurants"[0m
  Rendered restaurants/index.html.erb within layouts/application (7.7ms)
Completed 200 OK in 205ms (Views: 194.7ms | ActiveRecord: 2.3ms)


Started GET "/restaurants/new" for ::1 at 2016-11-15 16:12:56 +0000
Processing by RestaurantsController#new as HTML
  Rendered restaurants/new.html.erb within layouts/application (14.3ms)
Completed 200 OK in 53ms (Views: 52.8ms | ActiveRecord: 0.0ms)


Started POST "/restaurants" for ::1 at 2016-11-15 16:13:07 +0000
Processing by RestaurantsController#create as HTML
  Parameters: {"utf8"=>"✓", "authenticity_token"=>"GhhYKjy+Sq2eUYKLSsW8fhDCy783kIPSjfEBz64VsMyYnoTcgJ7VfbyLO7aUWWr1GgAO98IsVwZDG/RmZBv3CQ==", "restaurant"=>{"name"=>"Dairy Queen"}, "commit"=>"Create Restaurant"}
  [1m[35m (0.1ms)[0m  BEGIN
  [1m[36mSQL (0.3ms)[0m  [1mINSERT INTO "restaurants" ("name", "created_at", "updated_at") VALUES ($1, $2, $3) RETURNING "id"[0m  [["name", "Dairy Queen"], ["created_at", "2016-11-15 16:13:07.904022"], ["updated_at", "2016-11-15 16:13:07.904022"]]
  [1m[35m (6.1ms)[0m  COMMIT
Redirected to http://localhost:3000/restaurants
Completed 302 Found in 12ms (ActiveRecord: 6.7ms)


Started GET "/restaurants" for ::1 at 2016-11-15 16:13:07 +0000
Processing by RestaurantsController#index as HTML
  [1m[36m (0.2ms)[0m  [1mSELECT COUNT(*) FROM "restaurants"[0m
  [1m[35mRestaurant Load (0.2ms)[0m  SELECT "restaurants".* FROM "restaurants"
  Rendered restaurants/index.html.erb within layouts/application (1.4ms)
Completed 200 OK in 15ms (Views: 14.1ms | ActiveRecord: 0.5ms)


Started GET "/restaurants/2/edit" for ::1 at 2016-11-15 16:13:10 +0000
Processing by RestaurantsController#edit as HTML
  Parameters: {"id"=>"2"}
  [1m[36mRestaurant Load (0.3ms)[0m  [1mSELECT  "restaurants".* FROM "restaurants" WHERE "restaurants"."id" = $1 LIMIT 1[0m  [["id", 2]]
  Rendered restaurants/edit.html.erb within layouts/application (2.1ms)
Completed 200 OK in 23ms (Views: 16.7ms | ActiveRecord: 0.3ms)


Started PATCH "/restaurants/2" for ::1 at 2016-11-15 16:13:29 +0000
Processing by RestaurantsController#update as HTML
  Parameters: {"utf8"=>"✓", "authenticity_token"=>"WHHyQYXYY0/8dRa7rC/egajS1eiJs/HBPQF5HNMXVmXa9y63Ofj8n96vr4ZyswgKohAQoHwPJRXz64y1GRkRoA==", "restaurant"=>{"name"=>"Dairy Queen", "description"=>"Great eats, cool treats."}, "commit"=>"Update Restaurant", "id"=>"2"}
  [1m[35mRestaurant Load (0.2ms)[0m  SELECT  "restaurants".* FROM "restaurants" WHERE "restaurants"."id" = $1 LIMIT 1  [["id", 2]]
  [1m[36m (0.1ms)[0m  [1mBEGIN[0m
  [1m[35mSQL (0.2ms)[0m  UPDATE "restaurants" SET "description" = $1, "updated_at" = $2 WHERE "restaurants"."id" = $3  [["description", "Great eats, cool treats."], ["updated_at", "2016-11-15 16:13:29.482883"], ["id", 2]]
  [1m[36m (6.1ms)[0m  [1mCOMMIT[0m
Redirected to http://localhost:3000/restaurants
Completed 302 Found in 11ms (ActiveRecord: 6.5ms)


Started GET "/restaurants" for ::1 at 2016-11-15 16:13:29 +0000
Processing by RestaurantsController#index as HTML
  [1m[35m (0.2ms)[0m  SELECT COUNT(*) FROM "restaurants"
  [1m[36mRestaurant Load (0.1ms)[0m  [1mSELECT "restaurants".* FROM "restaurants"[0m
  Rendered restaurants/index.html.erb within layouts/application (2.5ms)
Completed 200 OK in 34ms (Views: 33.4ms | ActiveRecord: 0.4ms)


Started GET "/restaurants/2" for ::1 at 2016-11-15 16:13:31 +0000
Processing by RestaurantsController#show as HTML
  Parameters: {"id"=>"2"}
  [1m[35mRestaurant Load (0.2ms)[0m  SELECT  "restaurants".* FROM "restaurants" WHERE "restaurants"."id" = $1 LIMIT 1  [["id", 2]]
  Rendered restaurants/show.html.erb within layouts/application (1.3ms)
Completed 200 OK in 24ms (Views: 22.7ms | ActiveRecord: 0.2ms)


Started GET "/restaurants/1/edit" for ::1 at 2016-11-15 16:13:36 +0000
Processing by RestaurantsController#edit as HTML
  Parameters: {"id"=>"1"}
  [1m[36mRestaurant Load (0.3ms)[0m  [1mSELECT  "restaurants".* FROM "restaurants" WHERE "restaurants"."id" = $1 LIMIT 1[0m  [["id", 1]]
  Rendered restaurants/edit.html.erb within layouts/application (1.7ms)
Completed 200 OK in 25ms (Views: 23.3ms | ActiveRecord: 0.2ms)


Started PATCH "/restaurants/1" for ::1 at 2016-11-15 16:14:00 +0000
Processing by RestaurantsController#update as HTML
  Parameters: {"utf8"=>"✓", "authenticity_token"=>"9vpbtsnzhAx3TQeyt3bMddIGEXdFTfLRckUxe95iVDd0fIdAddMb3FWXvo9p6hr+2MTUP7DxJgW8r8TSFGwT8g==", "restaurant"=>{"name"=>"Waffle House", "description"=>"\"So scary, but delicious waffles all night long\""}, "commit"=>"Update Restaurant", "id"=>"1"}
  [1m[35mRestaurant Load (0.2ms)[0m  SELECT  "restaurants".* FROM "restaurants" WHERE "restaurants"."id" = $1 LIMIT 1  [["id", 1]]
  [1m[36m (0.1ms)[0m  [1mBEGIN[0m
  [1m[35mSQL (0.2ms)[0m  UPDATE "restaurants" SET "description" = $1, "updated_at" = $2 WHERE "restaurants"."id" = $3  [["description", "\"So scary, but delicious waffles all night long\""], ["updated_at", "2016-11-15 16:14:00.686561"], ["id", 1]]
  [1m[36m (6.0ms)[0m  [1mCOMMIT[0m
Redirected to http://localhost:3000/restaurants
Completed 302 Found in 10ms (ActiveRecord: 6.6ms)


Started GET "/restaurants" for ::1 at 2016-11-15 16:14:00 +0000
Processing by RestaurantsController#index as HTML
  [1m[35m (0.3ms)[0m  SELECT COUNT(*) FROM "restaurants"
  [1m[36mRestaurant Load (0.2ms)[0m  [1mSELECT "restaurants".* FROM "restaurants"[0m
  Rendered restaurants/index.html.erb within layouts/application (1.6ms)
Completed 200 OK in 14ms (Views: 12.5ms | ActiveRecord: 0.4ms)


Started GET "/restaurants/1" for ::1 at 2016-11-15 16:14:02 +0000
Processing by RestaurantsController#show as HTML
  Parameters: {"id"=>"1"}
  [1m[35mRestaurant Load (0.2ms)[0m  SELECT  "restaurants".* FROM "restaurants" WHERE "restaurants"."id" = $1 LIMIT 1  [["id", 1]]
  Rendered restaurants/show.html.erb within layouts/application (0.1ms)
Completed 200 OK in 15ms (Views: 14.5ms | ActiveRecord: 0.2ms)


Started GET "/restaurants" for ::1 at 2016-11-15 16:16:15 +0000
Processing by RestaurantsController#index as HTML
  [1m[36m (0.3ms)[0m  [1mSELECT COUNT(*) FROM "restaurants"[0m
  [1m[35mRestaurant Load (0.1ms)[0m  SELECT "restaurants".* FROM "restaurants"
  Rendered restaurants/index.html.erb within layouts/application (2.0ms)
Completed 200 OK in 15ms (Views: 13.8ms | ActiveRecord: 0.4ms)


Started GET "/restaurants" for ::1 at 2016-11-15 16:17:05 +0000
Processing by RestaurantsController#index as HTML
  [1m[36m (0.3ms)[0m  [1mSELECT COUNT(*) FROM "restaurants"[0m
  [1m[35mRestaurant Load (0.2ms)[0m  SELECT "restaurants".* FROM "restaurants"
  Rendered restaurants/index.html.erb within layouts/application (2.2ms)
Completed 200 OK in 15ms (Views: 13.9ms | ActiveRecord: 0.5ms)


Started GET "/restaurants" for ::1 at 2016-11-15 16:17:19 +0000
Processing by RestaurantsController#index as HTML
  [1m[36m (0.2ms)[0m  [1mSELECT COUNT(*) FROM "restaurants"[0m
  [1m[35mRestaurant Load (0.1ms)[0m  SELECT "restaurants".* FROM "restaurants"
  Rendered restaurants/index.html.erb within layouts/application (1.8ms)
Completed 200 OK in 14ms (Views: 12.9ms | ActiveRecord: 0.4ms)


Started GET "/restaurants" for ::1 at 2016-11-16 10:47:22 +0000
  [1m[36mActiveRecord::SchemaMigration Load (1.5ms)[0m  [1mSELECT "schema_migrations".* FROM "schema_migrations"[0m

ActiveRecord::PendingMigrationError (

Migrations are pending. To resolve this issue, run:

	bin/rake db:migrate RAILS_ENV=development

):
  activerecord (4.2.7.1) lib/active_record/migration.rb:392:in `check_pending!'
  activerecord (4.2.7.1) lib/active_record/migration.rb:373:in `call'
  actionpack (4.2.7.1) lib/action_dispatch/middleware/callbacks.rb:29:in `block in call'
  activesupport (4.2.7.1) lib/active_support/callbacks.rb:88:in `__run_callbacks__'
  activesupport (4.2.7.1) lib/active_support/callbacks.rb:778:in `_run_call_callbacks'
  activesupport (4.2.7.1) lib/active_support/callbacks.rb:81:in `run_callbacks'
  actionpack (4.2.7.1) lib/action_dispatch/middleware/callbacks.rb:27:in `call'
  actionpack (4.2.7.1) lib/action_dispatch/middleware/reloader.rb:73:in `call'
  actionpack (4.2.7.1) lib/action_dispatch/middleware/remote_ip.rb:78:in `call'
  actionpack (4.2.7.1) lib/action_dispatch/middleware/debug_exceptions.rb:17:in `call'
  web-console (2.3.0) lib/web_console/middleware.rb:28:in `block in call'
  web-console (2.3.0) lib/web_console/middleware.rb:18:in `catch'
  web-console (2.3.0) lib/web_console/middleware.rb:18:in `call'
  actionpack (4.2.7.1) lib/action_dispatch/middleware/show_exceptions.rb:30:in `call'
  railties (4.2.7.1) lib/rails/rack/logger.rb:38:in `call_app'
  railties (4.2.7.1) lib/rails/rack/logger.rb:20:in `block in call'
  activesupport (4.2.7.1) lib/active_support/tagged_logging.rb:68:in `block in tagged'
  activesupport (4.2.7.1) lib/active_support/tagged_logging.rb:26:in `tagged'
  activesupport (4.2.7.1) lib/active_support/tagged_logging.rb:68:in `tagged'
  railties (4.2.7.1) lib/rails/rack/logger.rb:20:in `call'
  actionpack (4.2.7.1) lib/action_dispatch/middleware/request_id.rb:21:in `call'
  rack (1.6.5) lib/rack/methodoverride.rb:22:in `call'
  rack (1.6.5) lib/rack/runtime.rb:18:in `call'
  activesupport (4.2.7.1) lib/active_support/cache/strategy/local_cache_middleware.rb:28:in `call'
  rack (1.6.5) lib/rack/lock.rb:17:in `call'
  actionpack (4.2.7.1) lib/action_dispatch/middleware/static.rb:120:in `call'
  rack (1.6.5) lib/rack/sendfile.rb:113:in `call'
  railties (4.2.7.1) lib/rails/engine.rb:518:in `call'
  railties (4.2.7.1) lib/rails/application.rb:165:in `call'
  rack (1.6.5) lib/rack/lock.rb:17:in `call'
  rack (1.6.5) lib/rack/content_length.rb:15:in `call'
  rack (1.6.5) lib/rack/handler/webrick.rb:88:in `service'
  /Users/Home/.rvm/rubies/ruby-2.3.0/lib/ruby/2.3.0/webrick/httpserver.rb:140:in `service'
  /Users/Home/.rvm/rubies/ruby-2.3.0/lib/ruby/2.3.0/webrick/httpserver.rb:96:in `run'
  /Users/Home/.rvm/rubies/ruby-2.3.0/lib/ruby/2.3.0/webrick/server.rb:296:in `block in start_thread'


  Rendered /Users/Home/.rvm/gems/ruby-2.3.0/gems/actionpack-4.2.7.1/lib/action_dispatch/middleware/templates/rescues/_source.erb (2.0ms)
  Rendered /Users/Home/.rvm/gems/ruby-2.3.0/gems/actionpack-4.2.7.1/lib/action_dispatch/middleware/templates/rescues/_trace.html.erb (1.3ms)
  Rendered /Users/Home/.rvm/gems/ruby-2.3.0/gems/actionpack-4.2.7.1/lib/action_dispatch/middleware/templates/rescues/_request_and_response.html.erb (0.8ms)
  Rendered /Users/Home/.rvm/gems/ruby-2.3.0/gems/actionpack-4.2.7.1/lib/action_dispatch/middleware/templates/rescues/diagnostics.html.erb within rescues/layout (47.8ms)
  Rendered /Users/Home/.rvm/gems/ruby-2.3.0/gems/web-console-2.3.0/lib/web_console/templates/_markup.html.erb (0.4ms)
  Rendered /Users/Home/.rvm/gems/ruby-2.3.0/gems/web-console-2.3.0/lib/web_console/templates/_inner_console_markup.html.erb within layouts/inlined_string (0.3ms)
  Rendered /Users/Home/.rvm/gems/ruby-2.3.0/gems/web-console-2.3.0/lib/web_console/templates/_prompt_box_markup.html.erb within layouts/inlined_string (0.3ms)
  Rendered /Users/Home/.rvm/gems/ruby-2.3.0/gems/web-console-2.3.0/lib/web_console/templates/style.css.erb within layouts/inlined_string (0.3ms)
  Rendered /Users/Home/.rvm/gems/ruby-2.3.0/gems/web-console-2.3.0/lib/web_console/templates/console.js.erb within layouts/javascript (44.4ms)
  Rendered /Users/Home/.rvm/gems/ruby-2.3.0/gems/web-console-2.3.0/lib/web_console/templates/main.js.erb within layouts/javascript (0.3ms)
  Rendered /Users/Home/.rvm/gems/ruby-2.3.0/gems/web-console-2.3.0/lib/web_console/templates/error_page.js.erb within layouts/javascript (0.4ms)
  Rendered /Users/Home/.rvm/gems/ruby-2.3.0/gems/web-console-2.3.0/lib/web_console/templates/index.html.erb (97.0ms)
  [1m[36mActiveRecord::SchemaMigration Load (0.2ms)[0m  [1mSELECT "schema_migrations".* FROM "schema_migrations"[0m
Migrating to CreateReviews (20161115165506)
  [1m[35m (0.1ms)[0m  BEGIN
  [1m[36m (15.8ms)[0m  [1mCREATE TABLE "reviews" ("id" serial primary key, "thoughts" text, "rating" integer, "created_at" timestamp NOT NULL, "updated_at" timestamp NOT NULL) [0m
  [1m[35mSQL (0.4ms)[0m  INSERT INTO "schema_migrations" ("version") VALUES ($1)  [["version", "20161115165506"]]
  [1m[36m (0.5ms)[0m  [1mCOMMIT[0m
Migrating to AddRestaurantRefToReviews (20161115170522)
  [1m[35m (0.1ms)[0m  BEGIN
  [1m[36m (0.3ms)[0m  [1mALTER TABLE "reviews" ADD "restaurant_id" integer[0m
  [1m[35m (0.6ms)[0m  CREATE  INDEX  "index_reviews_on_restaurant_id" ON "reviews"  ("restaurant_id")
  [1m[36m (3.7ms)[0m  [1mALTER TABLE "reviews" ADD CONSTRAINT "fk_rails_8173017a90"
FOREIGN KEY ("restaurant_id")
  REFERENCES "restaurants" ("id")
[0m
  [1m[35mSQL (0.1ms)[0m  INSERT INTO "schema_migrations" ("version") VALUES ($1)  [["version", "20161115170522"]]
  [1m[36m (0.3ms)[0m  [1mCOMMIT[0m
  [1m[35mActiveRecord::SchemaMigration Load (0.1ms)[0m  SELECT "schema_migrations".* FROM "schema_migrations"
  [1m[36m (2.3ms)[0m  [1mSELECT t2.oid::regclass::text AS to_table, a1.attname AS column, a2.attname AS primary_key, c.conname AS name, c.confupdtype AS on_update, c.confdeltype AS on_delete
FROM pg_constraint c
JOIN pg_class t1 ON c.conrelid = t1.oid
JOIN pg_class t2 ON c.confrelid = t2.oid
JOIN pg_attribute a1 ON a1.attnum = c.conkey[1] AND a1.attrelid = t1.oid
JOIN pg_attribute a2 ON a2.attnum = c.confkey[1] AND a2.attrelid = t2.oid
JOIN pg_namespace t3 ON c.connamespace = t3.oid
WHERE c.contype = 'f'
  AND t1.relname = 'restaurants'
  AND t3.nspname = ANY (current_schemas(false))
ORDER BY c.conname
[0m
  [1m[35m (1.9ms)[0m  SELECT t2.oid::regclass::text AS to_table, a1.attname AS column, a2.attname AS primary_key, c.conname AS name, c.confupdtype AS on_update, c.confdeltype AS on_delete
FROM pg_constraint c
JOIN pg_class t1 ON c.conrelid = t1.oid
JOIN pg_class t2 ON c.confrelid = t2.oid
JOIN pg_attribute a1 ON a1.attnum = c.conkey[1] AND a1.attrelid = t1.oid
JOIN pg_attribute a2 ON a2.attnum = c.confkey[1] AND a2.attrelid = t2.oid
JOIN pg_namespace t3 ON c.connamespace = t3.oid
WHERE c.contype = 'f'
  AND t1.relname = 'reviews'
  AND t3.nspname = ANY (current_schemas(false))
ORDER BY c.conname



Started GET "/restaurants" for ::1 at 2016-11-16 10:47:59 +0000
  [1m[36mActiveRecord::SchemaMigration Load (0.3ms)[0m  [1mSELECT "schema_migrations".* FROM "schema_migrations"[0m
Processing by RestaurantsController#index as HTML
  [1m[35m (2.3ms)[0m  SELECT COUNT(*) FROM "restaurants"
  [1m[36mRestaurant Load (0.2ms)[0m  [1mSELECT "restaurants".* FROM "restaurants"[0m
  [1m[35mReview Load (0.3ms)[0m  SELECT "reviews".* FROM "reviews" WHERE "reviews"."restaurant_id" = $1  [["restaurant_id", 2]]
  [1m[36mReview Load (0.2ms)[0m  [1mSELECT "reviews".* FROM "reviews" WHERE "reviews"."restaurant_id" = $1[0m  [["restaurant_id", 1]]
  Rendered restaurants/index.html.erb within layouts/application (28.1ms)
Completed 200 OK in 354ms (Views: 336.2ms | ActiveRecord: 7.2ms)


Started GET "/assets/reviews.self-e3b0c44298fc1c149afbf4c8996fb92427ae41e4649b934ca495991b7852b855.css?body=1" for ::1 at 2016-11-16 10:47:59 +0000


Started GET "/assets/reviews.self-877aef30ae1b040ab8a3aba4e3e309a11d7f2612f44dde450b5c157aa5f95c05.js?body=1" for ::1 at 2016-11-16 10:47:59 +0000


Started GET "/restaurants/1/reviews/new" for ::1 at 2016-11-16 10:48:07 +0000
Processing by ReviewsController#new as HTML
  Parameters: {"restaurant_id"=>"1"}
  [1m[35mRestaurant Load (1.6ms)[0m  SELECT  "restaurants".* FROM "restaurants" WHERE "restaurants"."id" = $1 LIMIT 1  [["id", 1]]
  Rendered reviews/new.html.erb within layouts/application (21.2ms)
Completed 200 OK in 64ms (Views: 53.7ms | ActiveRecord: 2.0ms)


Started POST "/restaurants/1/reviews" for ::1 at 2016-11-16 10:48:26 +0000
Processing by ReviewsController#create as HTML
  Parameters: {"utf8"=>"✓", "authenticity_token"=>"NeSnEPyInvcPvhVGV0DZzd/o74dUXUAwj/SGZDYzOmzv7266Ocuz8LfMYOgVkByGsj4BgxIb8ybQgGyDIMub2Q==", "review"=>{"thoughts"=>"Excellent waffles, waitress was huffing glue in the back", "rating"=>"3"}, "commit"=>"Leave Review", "restaurant_id"=>"1"}
  [1m[36mRestaurant Load (0.4ms)[0m  [1mSELECT  "restaurants".* FROM "restaurants" WHERE "restaurants"."id" = $1 LIMIT 1[0m  [["id", 1]]
  [1m[35m (0.1ms)[0m  BEGIN
  [1m[36mSQL (0.8ms)[0m  [1mINSERT INTO "reviews" ("thoughts", "rating", "restaurant_id", "created_at", "updated_at") VALUES ($1, $2, $3, $4, $5) RETURNING "id"[0m  [["thoughts", "Excellent waffles, waitress was huffing glue in the back"], ["rating", 3], ["restaurant_id", 1], ["created_at", "2016-11-16 10:48:26.756980"], ["updated_at", "2016-11-16 10:48:26.756980"]]
  [1m[35m (6.1ms)[0m  COMMIT
Redirected to http://localhost:3000/restaurants
Completed 302 Found in 18ms (ActiveRecord: 7.4ms)


Started GET "/restaurants" for ::1 at 2016-11-16 10:48:26 +0000
Processing by RestaurantsController#index as HTML
  [1m[36m (0.2ms)[0m  [1mSELECT COUNT(*) FROM "restaurants"[0m
  [1m[35mRestaurant Load (0.2ms)[0m  SELECT "restaurants".* FROM "restaurants"
  [1m[36mReview Load (0.2ms)[0m  [1mSELECT "reviews".* FROM "reviews" WHERE "reviews"."restaurant_id" = $1[0m  [["restaurant_id", 2]]
  [1m[35mReview Load (0.2ms)[0m  SELECT "reviews".* FROM "reviews" WHERE "reviews"."restaurant_id" = $1  [["restaurant_id", 1]]
  Rendered restaurants/index.html.erb within layouts/application (5.7ms)
Completed 200 OK in 32ms (Views: 30.4ms | ActiveRecord: 0.8ms)


Started GET "/restaurants/2/reviews/new" for ::1 at 2016-11-16 11:06:09 +0000
Processing by ReviewsController#new as HTML
  Parameters: {"restaurant_id"=>"2"}
  [1m[36mRestaurant Load (0.2ms)[0m  [1mSELECT  "restaurants".* FROM "restaurants" WHERE "restaurants"."id" = $1 LIMIT 1[0m  [["id", 2]]
  Rendered reviews/new.html.erb within layouts/application (1.9ms)
Completed 200 OK in 18ms (Views: 17.2ms | ActiveRecord: 0.2ms)


Started POST "/restaurants/2/reviews" for ::1 at 2016-11-16 11:06:19 +0000
Processing by ReviewsController#create as HTML
  Parameters: {"utf8"=>"✓", "authenticity_token"=>"szAA+4ZRs+NeBcORp9Mh+uuD98bbH5Ooa5vocviILwhpO8lRQxKe5OZ3tj/lA+SxhlUZwp1ZIL407wKV7nCOvQ==", "review"=>{"thoughts"=>"My hot dog had a needle in it.", "rating"=>"1"}, "commit"=>"Leave Review", "restaurant_id"=>"2"}
  [1m[35mRestaurant Load (0.2ms)[0m  SELECT  "restaurants".* FROM "restaurants" WHERE "restaurants"."id" = $1 LIMIT 1  [["id", 2]]
  [1m[36m (0.1ms)[0m  [1mBEGIN[0m
  [1m[35mSQL (0.3ms)[0m  INSERT INTO "reviews" ("thoughts", "rating", "restaurant_id", "created_at", "updated_at") VALUES ($1, $2, $3, $4, $5) RETURNING "id"  [["thoughts", "My hot dog had a needle in it."], ["rating", 1], ["restaurant_id", 2], ["created_at", "2016-11-16 11:06:19.173189"], ["updated_at", "2016-11-16 11:06:19.173189"]]
  [1m[36m (1.9ms)[0m  [1mCOMMIT[0m
Redirected to http://localhost:3000/restaurants
Completed 302 Found in 6ms (ActiveRecord: 2.5ms)


Started GET "/restaurants" for ::1 at 2016-11-16 11:06:19 +0000
Processing by RestaurantsController#index as HTML
  [1m[35m (0.2ms)[0m  SELECT COUNT(*) FROM "restaurants"
  [1m[36mRestaurant Load (0.1ms)[0m  [1mSELECT "restaurants".* FROM "restaurants"[0m
  [1m[35mReview Load (0.2ms)[0m  SELECT "reviews".* FROM "reviews" WHERE "reviews"."restaurant_id" = $1  [["restaurant_id", 2]]
  [1m[36mReview Load (0.2ms)[0m  [1mSELECT "reviews".* FROM "reviews" WHERE "reviews"."restaurant_id" = $1[0m  [["restaurant_id", 1]]
  Rendered restaurants/index.html.erb within layouts/application (3.0ms)
Completed 200 OK in 17ms (Views: 15.9ms | ActiveRecord: 0.7ms)


Started GET "/restaurants/2/reviews/new" for ::1 at 2016-11-16 11:06:33 +0000
Processing by ReviewsController#new as HTML
  Parameters: {"restaurant_id"=>"2"}
  [1m[35mRestaurant Load (0.2ms)[0m  SELECT  "restaurants".* FROM "restaurants" WHERE "restaurants"."id" = $1 LIMIT 1  [["id", 2]]
  Rendered reviews/new.html.erb within layouts/application (1.6ms)
Completed 200 OK in 19ms (Views: 17.8ms | ActiveRecord: 0.2ms)


Started POST "/restaurants/2/reviews" for ::1 at 2016-11-16 11:06:43 +0000
Processing by ReviewsController#create as HTML
  Parameters: {"utf8"=>"✓", "authenticity_token"=>"AB5An7UO6GaHEQQK2CcPKHmmAwFZhZ9uToXH1g6SyjTaFYk1cE3FYT9jcaSa98pjFHDtBR/DLHgR8S0xGGprgQ==", "review"=>{"thoughts"=>"BEST ICE CREAM EVER", "rating"=>"5"}, "commit"=>"Leave Review", "restaurant_id"=>"2"}
  [1m[36mRestaurant Load (0.2ms)[0m  [1mSELECT  "restaurants".* FROM "restaurants" WHERE "restaurants"."id" = $1 LIMIT 1[0m  [["id", 2]]
  [1m[35m (0.1ms)[0m  BEGIN
  [1m[36mSQL (0.3ms)[0m  [1mINSERT INTO "reviews" ("thoughts", "rating", "restaurant_id", "created_at", "updated_at") VALUES ($1, $2, $3, $4, $5) RETURNING "id"[0m  [["thoughts", "BEST ICE CREAM EVER"], ["rating", 5], ["restaurant_id", 2], ["created_at", "2016-11-16 11:06:43.201513"], ["updated_at", "2016-11-16 11:06:43.201513"]]
  [1m[35m (1.9ms)[0m  COMMIT
Redirected to http://localhost:3000/restaurants
Completed 302 Found in 6ms (ActiveRecord: 2.5ms)


Started GET "/restaurants" for ::1 at 2016-11-16 11:06:43 +0000
Processing by RestaurantsController#index as HTML
  [1m[36m (0.2ms)[0m  [1mSELECT COUNT(*) FROM "restaurants"[0m
  [1m[35mRestaurant Load (0.1ms)[0m  SELECT "restaurants".* FROM "restaurants"
  [1m[36mReview Load (0.2ms)[0m  [1mSELECT "reviews".* FROM "reviews" WHERE "reviews"."restaurant_id" = $1[0m  [["restaurant_id", 2]]
  [1m[35mReview Load (0.1ms)[0m  SELECT "reviews".* FROM "reviews" WHERE "reviews"."restaurant_id" = $1  [["restaurant_id", 1]]
  Rendered restaurants/index.html.erb within layouts/application (3.2ms)
Completed 200 OK in 17ms (Views: 16.3ms | ActiveRecord: 0.6ms)


Started GET "/restaurants/2" for ::1 at 2016-11-16 11:07:24 +0000
Processing by RestaurantsController#show as HTML
  Parameters: {"id"=>"2"}
  [1m[36mRestaurant Load (0.2ms)[0m  [1mSELECT  "restaurants".* FROM "restaurants" WHERE "restaurants"."id" = $1 LIMIT 1[0m  [["id", 2]]
  Rendered restaurants/show.html.erb within layouts/application (0.5ms)
Completed 200 OK in 17ms (Views: 15.6ms | ActiveRecord: 0.2ms)


Started GET "/" for ::1 at 2016-11-16 11:52:54 +0000
  [1m[36mActiveRecord::SchemaMigration Load (0.6ms)[0m  [1mSELECT "schema_migrations".* FROM "schema_migrations"[0m

ActiveRecord::PendingMigrationError (

Migrations are pending. To resolve this issue, run:

	bin/rake db:migrate RAILS_ENV=development

):
  activerecord (4.2.7.1) lib/active_record/migration.rb:392:in `check_pending!'
  activerecord (4.2.7.1) lib/active_record/migration.rb:373:in `call'
  actionpack (4.2.7.1) lib/action_dispatch/middleware/callbacks.rb:29:in `block in call'
  activesupport (4.2.7.1) lib/active_support/callbacks.rb:88:in `__run_callbacks__'
  activesupport (4.2.7.1) lib/active_support/callbacks.rb:778:in `_run_call_callbacks'
  activesupport (4.2.7.1) lib/active_support/callbacks.rb:81:in `run_callbacks'
  actionpack (4.2.7.1) lib/action_dispatch/middleware/callbacks.rb:27:in `call'
  actionpack (4.2.7.1) lib/action_dispatch/middleware/reloader.rb:73:in `call'
  actionpack (4.2.7.1) lib/action_dispatch/middleware/remote_ip.rb:78:in `call'
  actionpack (4.2.7.1) lib/action_dispatch/middleware/debug_exceptions.rb:17:in `call'
  web-console (2.3.0) lib/web_console/middleware.rb:28:in `block in call'
  web-console (2.3.0) lib/web_console/middleware.rb:18:in `catch'
  web-console (2.3.0) lib/web_console/middleware.rb:18:in `call'
  actionpack (4.2.7.1) lib/action_dispatch/middleware/show_exceptions.rb:30:in `call'
  railties (4.2.7.1) lib/rails/rack/logger.rb:38:in `call_app'
  railties (4.2.7.1) lib/rails/rack/logger.rb:20:in `block in call'
  activesupport (4.2.7.1) lib/active_support/tagged_logging.rb:68:in `block in tagged'
  activesupport (4.2.7.1) lib/active_support/tagged_logging.rb:26:in `tagged'
  activesupport (4.2.7.1) lib/active_support/tagged_logging.rb:68:in `tagged'
  railties (4.2.7.1) lib/rails/rack/logger.rb:20:in `call'
  actionpack (4.2.7.1) lib/action_dispatch/middleware/request_id.rb:21:in `call'
  rack (1.6.5) lib/rack/methodoverride.rb:22:in `call'
  rack (1.6.5) lib/rack/runtime.rb:18:in `call'
  activesupport (4.2.7.1) lib/active_support/cache/strategy/local_cache_middleware.rb:28:in `call'
  rack (1.6.5) lib/rack/lock.rb:17:in `call'
  actionpack (4.2.7.1) lib/action_dispatch/middleware/static.rb:120:in `call'
  rack (1.6.5) lib/rack/sendfile.rb:113:in `call'
  railties (4.2.7.1) lib/rails/engine.rb:518:in `call'
  railties (4.2.7.1) lib/rails/application.rb:165:in `call'
  rack (1.6.5) lib/rack/lock.rb:17:in `call'
  rack (1.6.5) lib/rack/content_length.rb:15:in `call'
  rack (1.6.5) lib/rack/handler/webrick.rb:88:in `service'
  /Users/Rach/.rvm/rubies/ruby-2.3.0/lib/ruby/2.3.0/webrick/httpserver.rb:140:in `service'
  /Users/Rach/.rvm/rubies/ruby-2.3.0/lib/ruby/2.3.0/webrick/httpserver.rb:96:in `run'
  /Users/Rach/.rvm/rubies/ruby-2.3.0/lib/ruby/2.3.0/webrick/server.rb:296:in `block in start_thread'


  Rendered /Users/Rach/.rvm/gems/ruby-2.3.0/gems/actionpack-4.2.7.1/lib/action_dispatch/middleware/templates/rescues/_source.erb (3.1ms)
  Rendered /Users/Rach/.rvm/gems/ruby-2.3.0/gems/actionpack-4.2.7.1/lib/action_dispatch/middleware/templates/rescues/_trace.html.erb (1.8ms)
  Rendered /Users/Rach/.rvm/gems/ruby-2.3.0/gems/actionpack-4.2.7.1/lib/action_dispatch/middleware/templates/rescues/_request_and_response.html.erb (1.2ms)
  Rendered /Users/Rach/.rvm/gems/ruby-2.3.0/gems/actionpack-4.2.7.1/lib/action_dispatch/middleware/templates/rescues/diagnostics.html.erb within rescues/layout (84.8ms)
  Rendered /Users/Rach/.rvm/gems/ruby-2.3.0/gems/web-console-2.3.0/lib/web_console/templates/_markup.html.erb (0.5ms)
  Rendered /Users/Rach/.rvm/gems/ruby-2.3.0/gems/web-console-2.3.0/lib/web_console/templates/_inner_console_markup.html.erb within layouts/inlined_string (0.7ms)
  Rendered /Users/Rach/.rvm/gems/ruby-2.3.0/gems/web-console-2.3.0/lib/web_console/templates/_prompt_box_markup.html.erb within layouts/inlined_string (0.4ms)
  Rendered /Users/Rach/.rvm/gems/ruby-2.3.0/gems/web-console-2.3.0/lib/web_console/templates/style.css.erb within layouts/inlined_string (0.9ms)
  Rendered /Users/Rach/.rvm/gems/ruby-2.3.0/gems/web-console-2.3.0/lib/web_console/templates/console.js.erb within layouts/javascript (84.8ms)
  Rendered /Users/Rach/.rvm/gems/ruby-2.3.0/gems/web-console-2.3.0/lib/web_console/templates/main.js.erb within layouts/javascript (0.5ms)
  Rendered /Users/Rach/.rvm/gems/ruby-2.3.0/gems/web-console-2.3.0/lib/web_console/templates/error_page.js.erb within layouts/javascript (0.5ms)
  Rendered /Users/Rach/.rvm/gems/ruby-2.3.0/gems/web-console-2.3.0/lib/web_console/templates/index.html.erb (166.8ms)


Started GET "/restaurants" for ::1 at 2016-11-16 11:53:01 +0000
  [1m[35mActiveRecord::SchemaMigration Load (0.2ms)[0m  SELECT "schema_migrations".* FROM "schema_migrations"

ActiveRecord::PendingMigrationError (

Migrations are pending. To resolve this issue, run:

	bin/rake db:migrate RAILS_ENV=development

):
  activerecord (4.2.7.1) lib/active_record/migration.rb:392:in `check_pending!'
  activerecord (4.2.7.1) lib/active_record/migration.rb:373:in `call'
  actionpack (4.2.7.1) lib/action_dispatch/middleware/callbacks.rb:29:in `block in call'
  activesupport (4.2.7.1) lib/active_support/callbacks.rb:88:in `__run_callbacks__'
  activesupport (4.2.7.1) lib/active_support/callbacks.rb:778:in `_run_call_callbacks'
  activesupport (4.2.7.1) lib/active_support/callbacks.rb:81:in `run_callbacks'
  actionpack (4.2.7.1) lib/action_dispatch/middleware/callbacks.rb:27:in `call'
  actionpack (4.2.7.1) lib/action_dispatch/middleware/reloader.rb:73:in `call'
  actionpack (4.2.7.1) lib/action_dispatch/middleware/remote_ip.rb:78:in `call'
  actionpack (4.2.7.1) lib/action_dispatch/middleware/debug_exceptions.rb:17:in `call'
  web-console (2.3.0) lib/web_console/middleware.rb:28:in `block in call'
  web-console (2.3.0) lib/web_console/middleware.rb:18:in `catch'
  web-console (2.3.0) lib/web_console/middleware.rb:18:in `call'
  actionpack (4.2.7.1) lib/action_dispatch/middleware/show_exceptions.rb:30:in `call'
  railties (4.2.7.1) lib/rails/rack/logger.rb:38:in `call_app'
  railties (4.2.7.1) lib/rails/rack/logger.rb:20:in `block in call'
  activesupport (4.2.7.1) lib/active_support/tagged_logging.rb:68:in `block in tagged'
  activesupport (4.2.7.1) lib/active_support/tagged_logging.rb:26:in `tagged'
  activesupport (4.2.7.1) lib/active_support/tagged_logging.rb:68:in `tagged'
  railties (4.2.7.1) lib/rails/rack/logger.rb:20:in `call'
  actionpack (4.2.7.1) lib/action_dispatch/middleware/request_id.rb:21:in `call'
  rack (1.6.5) lib/rack/methodoverride.rb:22:in `call'
  rack (1.6.5) lib/rack/runtime.rb:18:in `call'
  activesupport (4.2.7.1) lib/active_support/cache/strategy/local_cache_middleware.rb:28:in `call'
  rack (1.6.5) lib/rack/lock.rb:17:in `call'
  actionpack (4.2.7.1) lib/action_dispatch/middleware/static.rb:120:in `call'
  rack (1.6.5) lib/rack/sendfile.rb:113:in `call'
  railties (4.2.7.1) lib/rails/engine.rb:518:in `call'
  railties (4.2.7.1) lib/rails/application.rb:165:in `call'
  rack (1.6.5) lib/rack/lock.rb:17:in `call'
  rack (1.6.5) lib/rack/content_length.rb:15:in `call'
  rack (1.6.5) lib/rack/handler/webrick.rb:88:in `service'
  /Users/Rach/.rvm/rubies/ruby-2.3.0/lib/ruby/2.3.0/webrick/httpserver.rb:140:in `service'
  /Users/Rach/.rvm/rubies/ruby-2.3.0/lib/ruby/2.3.0/webrick/httpserver.rb:96:in `run'
  /Users/Rach/.rvm/rubies/ruby-2.3.0/lib/ruby/2.3.0/webrick/server.rb:296:in `block in start_thread'


  Rendered /Users/Rach/.rvm/gems/ruby-2.3.0/gems/actionpack-4.2.7.1/lib/action_dispatch/middleware/templates/rescues/_source.erb (2.5ms)
  Rendered /Users/Rach/.rvm/gems/ruby-2.3.0/gems/actionpack-4.2.7.1/lib/action_dispatch/middleware/templates/rescues/_trace.html.erb (2.3ms)
  Rendered /Users/Rach/.rvm/gems/ruby-2.3.0/gems/actionpack-4.2.7.1/lib/action_dispatch/middleware/templates/rescues/_request_and_response.html.erb (1.8ms)
  Rendered /Users/Rach/.rvm/gems/ruby-2.3.0/gems/actionpack-4.2.7.1/lib/action_dispatch/middleware/templates/rescues/diagnostics.html.erb within rescues/layout (77.4ms)
  Rendered /Users/Rach/.rvm/gems/ruby-2.3.0/gems/web-console-2.3.0/lib/web_console/templates/_markup.html.erb (0.5ms)
  Rendered /Users/Rach/.rvm/gems/ruby-2.3.0/gems/web-console-2.3.0/lib/web_console/templates/_inner_console_markup.html.erb within layouts/inlined_string (0.4ms)
  Rendered /Users/Rach/.rvm/gems/ruby-2.3.0/gems/web-console-2.3.0/lib/web_console/templates/_prompt_box_markup.html.erb within layouts/inlined_string (0.3ms)
  Rendered /Users/Rach/.rvm/gems/ruby-2.3.0/gems/web-console-2.3.0/lib/web_console/templates/style.css.erb within layouts/inlined_string (0.5ms)
  Rendered /Users/Rach/.rvm/gems/ruby-2.3.0/gems/web-console-2.3.0/lib/web_console/templates/console.js.erb within layouts/javascript (57.4ms)
  Rendered /Users/Rach/.rvm/gems/ruby-2.3.0/gems/web-console-2.3.0/lib/web_console/templates/main.js.erb within layouts/javascript (0.4ms)
  Rendered /Users/Rach/.rvm/gems/ruby-2.3.0/gems/web-console-2.3.0/lib/web_console/templates/error_page.js.erb within layouts/javascript (0.5ms)
  Rendered /Users/Rach/.rvm/gems/ruby-2.3.0/gems/web-console-2.3.0/lib/web_console/templates/index.html.erb (131.1ms)
  [1m[36mActiveRecord::SchemaMigration Load (0.7ms)[0m  [1mSELECT "schema_migrations".* FROM "schema_migrations"[0m
Migrating to CreateRestaurants (20161114172619)
  [1m[35m (0.1ms)[0m  BEGIN
  [1m[36m (99.6ms)[0m  [1mCREATE TABLE "restaurants" ("id" serial primary key, "name" character varying, "rating" integer, "created_at" timestamp NOT NULL, "updated_at" timestamp NOT NULL) [0m
  [1m[35m (0.1ms)[0m  ROLLBACK
  [1m[36mActiveRecord::SchemaMigration Load (0.7ms)[0m  [1mSELECT "schema_migrations".* FROM "schema_migrations"[0m
Migrating to CreateRestaurants (20161114172619)
  [1m[35m (0.1ms)[0m  BEGIN
  [1m[36m (30.4ms)[0m  [1mCREATE TABLE "restaurants" ("id" serial primary key, "name" character varying, "rating" integer, "created_at" timestamp NOT NULL, "updated_at" timestamp NOT NULL) [0m
  [1m[35m (0.1ms)[0m  ROLLBACK
  [1m[36m (566.4ms)[0m  [1mCREATE DATABASE "yelp_clone_development" ENCODING = 'unicode'[0m
  [1m[36m (39.7ms)[0m  [1mCREATE TABLE "schema_migrations" ("version" character varying NOT NULL) [0m
  [1m[35m (9.4ms)[0m  CREATE UNIQUE INDEX  "unique_schema_migrations" ON "schema_migrations"  ("version")
  [1m[36mActiveRecord::SchemaMigration Load (0.4ms)[0m  [1mSELECT "schema_migrations".* FROM "schema_migrations"[0m
Migrating to CreateRestaurants (20161114172619)
  [1m[35m (0.2ms)[0m  BEGIN
  [1m[36m (32.3ms)[0m  [1mCREATE TABLE "restaurants" ("id" serial primary key, "name" character varying, "rating" integer, "created_at" timestamp NOT NULL, "updated_at" timestamp NOT NULL) [0m
  [1m[35mSQL (6.7ms)[0m  INSERT INTO "schema_migrations" ("version") VALUES ($1)  [["version", "20161114172619"]]
  [1m[36m (11.4ms)[0m  [1mCOMMIT[0m
Migrating to AddDescriptionToRestaurants (20161115154022)
  [1m[35m (6.1ms)[0m  BEGIN
  [1m[36m (14.1ms)[0m  [1mALTER TABLE "restaurants" ADD "description" text[0m
  [1m[35mSQL (0.2ms)[0m  INSERT INTO "schema_migrations" ("version") VALUES ($1)  [["version", "20161115154022"]]
  [1m[36m (0.3ms)[0m  [1mCOMMIT[0m
Migrating to CreateReviews (20161115165506)
  [1m[35m (0.2ms)[0m  BEGIN
  [1m[36m (14.6ms)[0m  [1mCREATE TABLE "reviews" ("id" serial primary key, "thoughts" text, "rating" integer, "created_at" timestamp NOT NULL, "updated_at" timestamp NOT NULL) [0m
  [1m[35mSQL (0.2ms)[0m  INSERT INTO "schema_migrations" ("version") VALUES ($1)  [["version", "20161115165506"]]
  [1m[36m (5.9ms)[0m  [1mCOMMIT[0m
Migrating to AddRestaurantRefToReviews (20161115170522)
  [1m[35m (5.5ms)[0m  BEGIN
  [1m[36m (0.3ms)[0m  [1mALTER TABLE "reviews" ADD "restaurant_id" integer[0m
  [1m[35m (20.8ms)[0m  CREATE  INDEX  "index_reviews_on_restaurant_id" ON "reviews"  ("restaurant_id")
  [1m[36m (8.0ms)[0m  [1mALTER TABLE "reviews" ADD CONSTRAINT "fk_rails_8173017a90"
FOREIGN KEY ("restaurant_id")
  REFERENCES "restaurants" ("id")
[0m
  [1m[35mSQL (0.1ms)[0m  INSERT INTO "schema_migrations" ("version") VALUES ($1)  [["version", "20161115170522"]]
  [1m[36m (0.3ms)[0m  [1mCOMMIT[0m
  [1m[35mActiveRecord::SchemaMigration Load (0.2ms)[0m  SELECT "schema_migrations".* FROM "schema_migrations"
  [1m[36m (4.0ms)[0m  [1mSELECT t2.oid::regclass::text AS to_table, a1.attname AS column, a2.attname AS primary_key, c.conname AS name, c.confupdtype AS on_update, c.confdeltype AS on_delete
FROM pg_constraint c
JOIN pg_class t1 ON c.conrelid = t1.oid
JOIN pg_class t2 ON c.confrelid = t2.oid
JOIN pg_attribute a1 ON a1.attnum = c.conkey[1] AND a1.attrelid = t1.oid
JOIN pg_attribute a2 ON a2.attnum = c.confkey[1] AND a2.attrelid = t2.oid
JOIN pg_namespace t3 ON c.connamespace = t3.oid
WHERE c.contype = 'f'
  AND t1.relname = 'restaurants'
  AND t3.nspname = ANY (current_schemas(false))
ORDER BY c.conname
[0m
  [1m[35m (3.8ms)[0m  SELECT t2.oid::regclass::text AS to_table, a1.attname AS column, a2.attname AS primary_key, c.conname AS name, c.confupdtype AS on_update, c.confdeltype AS on_delete
FROM pg_constraint c
JOIN pg_class t1 ON c.conrelid = t1.oid
JOIN pg_class t2 ON c.confrelid = t2.oid
JOIN pg_attribute a1 ON a1.attnum = c.conkey[1] AND a1.attrelid = t1.oid
JOIN pg_attribute a2 ON a2.attnum = c.confkey[1] AND a2.attrelid = t2.oid
JOIN pg_namespace t3 ON c.connamespace = t3.oid
WHERE c.contype = 'f'
  AND t1.relname = 'reviews'
  AND t3.nspname = ANY (current_schemas(false))
ORDER BY c.conname



Started GET "/restaurants" for ::1 at 2016-11-16 12:02:56 +0000
  [1m[36mActiveRecord::SchemaMigration Load (0.5ms)[0m  [1mSELECT "schema_migrations".* FROM "schema_migrations"[0m
Processing by RestaurantsController#index as HTML
  [1m[35m (0.4ms)[0m  SELECT COUNT(*) FROM "restaurants"
  Rendered restaurants/index.html.erb within layouts/application (8.0ms)
Completed 200 OK in 633ms (Views: 613.8ms | ActiveRecord: 2.2ms)


Started GET "/assets/application.self-e80e8f2318043e8af94dddc2adad5a4f09739a8ebb323b3ab31cd71d45fd9113.css?body=1" for ::1 at 2016-11-16 12:02:57 +0000


Started GET "/assets/application.self-3b8dabdc891efe46b9a144b400ad69e37d7e5876bdc39dee783419a69d7ca819.js?body=1" for ::1 at 2016-11-16 12:02:57 +0000


Started GET "/restaurants/new" for ::1 at 2016-11-16 12:03:05 +0000
Processing by RestaurantsController#new as HTML
  Rendered restaurants/new.html.erb within layouts/application (45.7ms)
Completed 200 OK in 103ms (Views: 83.5ms | ActiveRecord: 7.6ms)


Started POST "/restaurants" for ::1 at 2016-11-16 12:03:10 +0000
Processing by RestaurantsController#create as HTML
  Parameters: {"utf8"=>"✓", "authenticity_token"=>"nRTO+jLNsLQQfIGUu/eGBLV40NCFCV+UzOgEHhZJLVX36IJa1mvPpb+bOhQXpjhpX89nOVfZT2Zf9ZSyHkfmCQ==", "restaurant"=>{"name"=>"Trade"}, "commit"=>"Create Restaurant"}
  [1m[36m (0.2ms)[0m  [1mBEGIN[0m
  [1m[35mSQL (6.9ms)[0m  INSERT INTO "restaurants" ("name", "created_at", "updated_at") VALUES ($1, $2, $3) RETURNING "id"  [["name", "Trade"], ["created_at", "2016-11-16 12:03:10.146913"], ["updated_at", "2016-11-16 12:03:10.146913"]]
  [1m[36m (6.2ms)[0m  [1mCOMMIT[0m
Redirected to http://localhost:3000/restaurants
Completed 302 Found in 26ms (ActiveRecord: 13.5ms)


Started GET "/restaurants" for ::1 at 2016-11-16 12:03:10 +0000
Processing by RestaurantsController#index as HTML
  [1m[35m (0.5ms)[0m  SELECT COUNT(*) FROM "restaurants"
  [1m[36mRestaurant Load (6.3ms)[0m  [1mSELECT "restaurants".* FROM "restaurants"[0m
  [1m[35mReview Load (0.5ms)[0m  SELECT "reviews".* FROM "reviews" WHERE "reviews"."restaurant_id" = $1  [["restaurant_id", 1]]
  Rendered restaurants/index.html.erb within layouts/application (51.4ms)
Completed 200 OK in 84ms (Views: 74.4ms | ActiveRecord: 8.4ms)


Started GET "/restaurants/1/edit" for ::1 at 2016-11-16 12:03:12 +0000
Processing by RestaurantsController#edit as HTML
  Parameters: {"id"=>"1"}
  [1m[36mRestaurant Load (0.9ms)[0m  [1mSELECT  "restaurants".* FROM "restaurants" WHERE "restaurants"."id" = $1 LIMIT 1[0m  [["id", 1]]
  Rendered restaurants/edit.html.erb within layouts/application (2.8ms)
Completed 200 OK in 49ms (Views: 24.4ms | ActiveRecord: 0.9ms)


Started PATCH "/restaurants/1" for ::1 at 2016-11-16 12:03:15 +0000
Processing by RestaurantsController#update as HTML
  Parameters: {"utf8"=>"✓", "authenticity_token"=>"koz+ciH+xywBxHZR2/AmGeDkxkLfmkpH3NUmqqo0ew/4cLLSxVi4Pa4jzdF3oZh0ClNxqw1KWrVPyLYGojqwUw==", "restaurant"=>{"name"=>"Trade", "description"=>"Butts"}, "commit"=>"Update Restaurant", "id"=>"1"}
  [1m[35mRestaurant Load (0.3ms)[0m  SELECT  "restaurants".* FROM "restaurants" WHERE "restaurants"."id" = $1 LIMIT 1  [["id", 1]]
  [1m[36m (0.1ms)[0m  [1mBEGIN[0m
  [1m[35mSQL (0.6ms)[0m  UPDATE "restaurants" SET "description" = $1, "updated_at" = $2 WHERE "restaurants"."id" = $3  [["description", "Butts"], ["updated_at", "2016-11-16 12:03:15.600987"], ["id", 1]]
  [1m[36m (8.0ms)[0m  [1mCOMMIT[0m
Redirected to http://localhost:3000/restaurants
Completed 302 Found in 16ms (ActiveRecord: 9.1ms)


Started GET "/restaurants" for ::1 at 2016-11-16 12:03:15 +0000
Processing by RestaurantsController#index as HTML
  [1m[35m (0.3ms)[0m  SELECT COUNT(*) FROM "restaurants"
  [1m[36mRestaurant Load (0.2ms)[0m  [1mSELECT "restaurants".* FROM "restaurants"[0m
  [1m[35mReview Load (0.3ms)[0m  SELECT "reviews".* FROM "reviews" WHERE "reviews"."restaurant_id" = $1  [["restaurant_id", 1]]
  Rendered restaurants/index.html.erb within layouts/application (3.5ms)
Completed 200 OK in 33ms (Views: 31.1ms | ActiveRecord: 0.8ms)


Started GET "/restaurants/1/reviews/new" for ::1 at 2016-11-16 12:03:16 +0000
Processing by ReviewsController#new as HTML
  Parameters: {"restaurant_id"=>"1"}
  [1m[36mRestaurant Load (3.2ms)[0m  [1mSELECT  "restaurants".* FROM "restaurants" WHERE "restaurants"."id" = $1 LIMIT 1[0m  [["id", 1]]
  Rendered reviews/new.html.erb within layouts/application (7.0ms)
Completed 200 OK in 53ms (Views: 31.0ms | ActiveRecord: 13.0ms)


Started POST "/restaurants/1/reviews" for ::1 at 2016-11-16 12:03:24 +0000
Processing by ReviewsController#create as HTML
  Parameters: {"utf8"=>"✓", "authenticity_token"=>"UmLP2yJM+vM+XxWF1LogqkGUIitwfDyV3ZA/yFm8zNw4noN7xuqF4pG4rgV4657HqyOVwqKsLGdOja9kUbIHgA==", "review"=>{"thoughts"=>"Too many butts, I thought anyways", "rating"=>"4"}, "commit"=>"Leave Review", "restaurant_id"=>"1"}
  [1m[35mRestaurant Load (0.4ms)[0m  SELECT  "restaurants".* FROM "restaurants" WHERE "restaurants"."id" = $1 LIMIT 1  [["id", 1]]
  [1m[36m (0.1ms)[0m  [1mBEGIN[0m
  [1m[35mSQL (0.8ms)[0m  INSERT INTO "reviews" ("thoughts", "rating", "restaurant_id", "created_at", "updated_at") VALUES ($1, $2, $3, $4, $5) RETURNING "id"  [["thoughts", "Too many butts, I thought anyways"], ["rating", 4], ["restaurant_id", 1], ["created_at", "2016-11-16 12:03:24.819198"], ["updated_at", "2016-11-16 12:03:24.819198"]]
  [1m[36m (5.9ms)[0m  [1mCOMMIT[0m
Redirected to http://localhost:3000/restaurants
Completed 302 Found in 21ms (ActiveRecord: 7.3ms)


Started GET "/restaurants" for ::1 at 2016-11-16 12:03:24 +0000
Processing by RestaurantsController#index as HTML
  [1m[35m (0.3ms)[0m  SELECT COUNT(*) FROM "restaurants"
  [1m[36mRestaurant Load (0.2ms)[0m  [1mSELECT "restaurants".* FROM "restaurants"[0m
  [1m[35mReview Load (3.2ms)[0m  SELECT "reviews".* FROM "reviews" WHERE "reviews"."restaurant_id" = $1  [["restaurant_id", 1]]
  Rendered restaurants/index.html.erb within layouts/application (8.2ms)
Completed 200 OK in 44ms (Views: 40.1ms | ActiveRecord: 3.8ms)


Started GET "/restaurants/new" for ::1 at 2016-11-16 12:03:26 +0000
Processing by RestaurantsController#new as HTML
  Rendered restaurants/new.html.erb within layouts/application (4.6ms)
Completed 200 OK in 46ms (Views: 44.9ms | ActiveRecord: 0.0ms)


Started POST "/restaurants" for ::1 at 2016-11-16 12:03:54 +0000
Processing by RestaurantsController#create as HTML
  Parameters: {"utf8"=>"✓", "authenticity_token"=>"c3S4v8VkzBYbHHDqm4cN/yqxHRrNtkYb107k7b3pZG4ZiPQfIcKzB7T7y2o31rOSwAaq8x9mVulEU3RBteevMg==", "restaurant"=>{"name"=>"Beigel"}, "commit"=>"Create Restaurant"}
  [1m[36m (0.3ms)[0m  [1mBEGIN[0m
  [1m[35mSQL (0.8ms)[0m  INSERT INTO "restaurants" ("name", "created_at", "updated_at") VALUES ($1, $2, $3) RETURNING "id"  [["name", "Beigel"], ["created_at", "2016-11-16 12:03:54.837896"], ["updated_at", "2016-11-16 12:03:54.837896"]]
  [1m[36m (5.9ms)[0m  [1mCOMMIT[0m
Redirected to http://localhost:3000/restaurants
Completed 302 Found in 12ms (ActiveRecord: 7.0ms)


Started GET "/restaurants" for ::1 at 2016-11-16 12:03:54 +0000
Processing by RestaurantsController#index as HTML
  [1m[35m (0.5ms)[0m  SELECT COUNT(*) FROM "restaurants"
  [1m[36mRestaurant Load (0.2ms)[0m  [1mSELECT "restaurants".* FROM "restaurants"[0m
  [1m[35mReview Load (0.5ms)[0m  SELECT "reviews".* FROM "reviews" WHERE "reviews"."restaurant_id" = $1  [["restaurant_id", 1]]
  [1m[36mReview Load (0.3ms)[0m  [1mSELECT "reviews".* FROM "reviews" WHERE "reviews"."restaurant_id" = $1[0m  [["restaurant_id", 2]]
  Rendered restaurants/index.html.erb within layouts/application (10.6ms)
Completed 200 OK in 55ms (Views: 53.2ms | ActiveRecord: 1.5ms)


Started GET "/restaurants/2/edit" for ::1 at 2016-11-16 12:03:57 +0000
Processing by RestaurantsController#edit as HTML
  Parameters: {"id"=>"2"}
  [1m[35mRestaurant Load (0.5ms)[0m  SELECT  "restaurants".* FROM "restaurants" WHERE "restaurants"."id" = $1 LIMIT 1  [["id", 2]]
  Rendered restaurants/edit.html.erb within layouts/application (6.3ms)
Completed 200 OK in 60ms (Views: 57.7ms | ActiveRecord: 0.5ms)


Started PATCH "/restaurants/2" for ::1 at 2016-11-16 12:04:02 +0000
Processing by RestaurantsController#update as HTML
  Parameters: {"utf8"=>"✓", "authenticity_token"=>"C9uxSwB1K6YPdY9Qxl87IDPskq+eOItqMXaRUcUBt1ZhJ/3r5NNUt6CSNNBqDoVN2VslRkzom5iiawH9zQ98Cg==", "restaurant"=>{"name"=>"Beigel", "description"=>"bagels?"}, "commit"=>"Update Restaurant", "id"=>"2"}
  [1m[36mRestaurant Load (0.3ms)[0m  [1mSELECT  "restaurants".* FROM "restaurants" WHERE "restaurants"."id" = $1 LIMIT 1[0m  [["id", 2]]
  [1m[35m (0.2ms)[0m  BEGIN
  [1m[36mSQL (0.6ms)[0m  [1mUPDATE "restaurants" SET "description" = $1, "updated_at" = $2 WHERE "restaurants"."id" = $3[0m  [["description", "bagels?"], ["updated_at", "2016-11-16 12:04:02.087671"], ["id", 2]]
  [1m[35m (6.0ms)[0m  COMMIT
Redirected to http://localhost:3000/restaurants
Completed 302 Found in 13ms (ActiveRecord: 7.1ms)


Started GET "/restaurants" for ::1 at 2016-11-16 12:04:02 +0000
Processing by RestaurantsController#index as HTML
  [1m[36m (0.3ms)[0m  [1mSELECT COUNT(*) FROM "restaurants"[0m
  [1m[35mRestaurant Load (0.3ms)[0m  SELECT "restaurants".* FROM "restaurants"
  [1m[36mReview Load (0.2ms)[0m  [1mSELECT "reviews".* FROM "reviews" WHERE "reviews"."restaurant_id" = $1[0m  [["restaurant_id", 1]]
  [1m[35mReview Load (0.2ms)[0m  SELECT "reviews".* FROM "reviews" WHERE "reviews"."restaurant_id" = $1  [["restaurant_id", 2]]
  Rendered restaurants/index.html.erb within layouts/application (5.7ms)
Completed 200 OK in 64ms (Views: 62.5ms | ActiveRecord: 1.1ms)


Started GET "/restaurants/2/reviews/new" for ::1 at 2016-11-16 12:04:03 +0000
Processing by ReviewsController#new as HTML
  Parameters: {"restaurant_id"=>"2"}
  [1m[36mRestaurant Load (1.3ms)[0m  [1mSELECT  "restaurants".* FROM "restaurants" WHERE "restaurants"."id" = $1 LIMIT 1[0m  [["id", 2]]
  Rendered reviews/new.html.erb within layouts/application (6.9ms)
Completed 200 OK in 103ms (Views: 98.5ms | ActiveRecord: 1.3ms)


Started POST "/restaurants/2/reviews" for ::1 at 2016-11-16 12:04:20 +0000
Processing by ReviewsController#create as HTML
  Parameters: {"utf8"=>"✓", "authenticity_token"=>"+GYW+0x685uky2e5+5hjTr8kPgFKY3+XExTA729rEoOSmlpbqNyMigss3DlXyd0jVZOJ6Jizb2WACVBDZ2XZ3w==", "review"=>{"thoughts"=>"I defend their god given right to spell beygeyls however they want", "rating"=>"1"}, "commit"=>"Leave Review", "restaurant_id"=>"2"}
  [1m[35mRestaurant Load (2.1ms)[0m  SELECT  "restaurants".* FROM "restaurants" WHERE "restaurants"."id" = $1 LIMIT 1  [["id", 2]]
  [1m[36m (0.2ms)[0m  [1mBEGIN[0m
  [1m[35mSQL (0.6ms)[0m  INSERT INTO "reviews" ("thoughts", "rating", "restaurant_id", "created_at", "updated_at") VALUES ($1, $2, $3, $4, $5) RETURNING "id"  [["thoughts", "I defend their god given right to spell beygeyls however they want"], ["rating", 1], ["restaurant_id", 2], ["created_at", "2016-11-16 12:04:20.102104"], ["updated_at", "2016-11-16 12:04:20.102104"]]
  [1m[36m (5.8ms)[0m  [1mCOMMIT[0m
Redirected to http://localhost:3000/restaurants
Completed 302 Found in 18ms (ActiveRecord: 8.6ms)


Started GET "/restaurants" for ::1 at 2016-11-16 12:04:20 +0000
Processing by RestaurantsController#index as HTML
  [1m[35m (5.1ms)[0m  SELECT COUNT(*) FROM "restaurants"
  [1m[36mRestaurant Load (0.4ms)[0m  [1mSELECT "restaurants".* FROM "restaurants"[0m
  [1m[35mReview Load (0.3ms)[0m  SELECT "reviews".* FROM "reviews" WHERE "reviews"."restaurant_id" = $1  [["restaurant_id", 1]]
  [1m[36mReview Load (0.9ms)[0m  [1mSELECT "reviews".* FROM "reviews" WHERE "reviews"."restaurant_id" = $1[0m  [["restaurant_id", 2]]
  Rendered restaurants/index.html.erb within layouts/application (16.1ms)
Completed 200 OK in 57ms (Views: 50.0ms | ActiveRecord: 6.6ms)


Started GET "/restaurants/new" for ::1 at 2016-11-16 12:04:26 +0000
Processing by RestaurantsController#new as HTML
  Rendered restaurants/new.html.erb within layouts/application (2.2ms)
Completed 200 OK in 50ms (Views: 48.6ms | ActiveRecord: 0.0ms)


Started POST "/restaurants" for ::1 at 2016-11-16 12:04:30 +0000
Processing by RestaurantsController#create as HTML
  Parameters: {"utf8"=>"✓", "authenticity_token"=>"cMk6X0fOL6jMAs2F1sS8XF6l+Ph57ZUwGlF9ZACETSAaNXb/o2hQuWPldgV6lQIxtBJPEas9hcKJTO3ICIqGfA==", "restaurant"=>{"name"=>"DQ"}, "commit"=>"Create Restaurant"}
  [1m[35m (0.2ms)[0m  BEGIN
  [1m[36m (9.7ms)[0m  [1mROLLBACK[0m
  Rendered restaurants/new.html.erb within layouts/application (3.0ms)
Completed 200 OK in 50ms (Views: 27.0ms | ActiveRecord: 9.9ms)


Started POST "/restaurants" for ::1 at 2016-11-16 12:12:46 +0000
Processing by RestaurantsController#create as HTML
  Parameters: {"utf8"=>"✓", "authenticity_token"=>"2kaZSg8lGqVu34CVk/HBYmbusIcM3uO1yXAwiehBXc+wutXq64NltME4OxU/oH8PjFkHbt4O80dabaAl4E+Wkw==", "restaurant"=>{"name"=>"Dairy Queen"}, "commit"=>"Create Restaurant"}
  [1m[35m (0.2ms)[0m  BEGIN
  [1m[36mRestaurant Exists (7.1ms)[0m  [1mSELECT  1 AS one FROM "restaurants" WHERE "restaurants"."name" = 'Dairy Queen' LIMIT 1[0m
  [1m[35mSQL (0.4ms)[0m  INSERT INTO "restaurants" ("name", "created_at", "updated_at") VALUES ($1, $2, $3) RETURNING "id"  [["name", "Dairy Queen"], ["created_at", "2016-11-16 12:12:47.038404"], ["updated_at", "2016-11-16 12:12:47.038404"]]
  [1m[36m (5.6ms)[0m  [1mCOMMIT[0m
Redirected to http://localhost:3000/restaurants
Completed 302 Found in 74ms (ActiveRecord: 23.2ms)


Started GET "/restaurants" for ::1 at 2016-11-16 12:12:47 +0000
Processing by RestaurantsController#index as HTML
  [1m[35m (0.5ms)[0m  SELECT COUNT(*) FROM "restaurants"
  [1m[36mRestaurant Load (3.1ms)[0m  [1mSELECT "restaurants".* FROM "restaurants"[0m
  [1m[35mReview Load (0.5ms)[0m  SELECT "reviews".* FROM "reviews" WHERE "reviews"."restaurant_id" = $1  [["restaurant_id", 1]]
  [1m[36mReview Load (0.3ms)[0m  [1mSELECT "reviews".* FROM "reviews" WHERE "reviews"."restaurant_id" = $1[0m  [["restaurant_id", 2]]
  [1m[35mReview Load (0.2ms)[0m  SELECT "reviews".* FROM "reviews" WHERE "reviews"."restaurant_id" = $1  [["restaurant_id", 3]]
  Rendered restaurants/index.html.erb within layouts/application (40.7ms)
Completed 200 OK in 102ms (Views: 94.0ms | ActiveRecord: 6.2ms)


Started GET "/restaurants/new" for ::1 at 2016-11-16 12:12:49 +0000
Processing by RestaurantsController#new as HTML
  Rendered restaurants/new.html.erb within layouts/application (23.4ms)
Completed 200 OK in 72ms (Views: 70.7ms | ActiveRecord: 0.0ms)


Started POST "/restaurants" for ::1 at 2016-11-16 12:12:53 +0000
Processing by RestaurantsController#create as HTML
  Parameters: {"utf8"=>"✓", "authenticity_token"=>"XwmFitJCQaDPVJEz0hRINrE30QKrEatBcLaUBRVwGd419ckqNuQ+sWCzKrN+RfZbW4Bm63nBu7PjqwSpHX7Sgg==", "restaurant"=>{"name"=>"Dairy Queen"}, "commit"=>"Create Restaurant"}
  [1m[36m (0.1ms)[0m  [1mBEGIN[0m
  [1m[35mRestaurant Exists (0.4ms)[0m  SELECT  1 AS one FROM "restaurants" WHERE "restaurants"."name" = 'Dairy Queen' LIMIT 1
  [1m[36m (0.1ms)[0m  [1mROLLBACK[0m
  Rendered restaurants/new.html.erb within layouts/application (2.0ms)
Completed 200 OK in 32ms (Views: 28.0ms | ActiveRecord: 0.6ms)


Started GET "/restaurants" for ::1 at 2016-11-16 12:13:23 +0000
Processing by RestaurantsController#index as HTML
  [1m[35m (0.9ms)[0m  SELECT COUNT(*) FROM "restaurants"
  [1m[36mRestaurant Load (0.3ms)[0m  [1mSELECT "restaurants".* FROM "restaurants"[0m
  [1m[35mReview Load (0.4ms)[0m  SELECT "reviews".* FROM "reviews" WHERE "reviews"."restaurant_id" = $1  [["restaurant_id", 1]]
  [1m[36mReview Load (0.4ms)[0m  [1mSELECT "reviews".* FROM "reviews" WHERE "reviews"."restaurant_id" = $1[0m  [["restaurant_id", 2]]
  [1m[35mReview Load (0.2ms)[0m  SELECT "reviews".* FROM "reviews" WHERE "reviews"."restaurant_id" = $1  [["restaurant_id", 3]]
  Rendered restaurants/index.html.erb within layouts/application (25.1ms)
Completed 200 OK in 75ms (Views: 64.0ms | ActiveRecord: 2.2ms)


Started GET "/restaurants/3/reviews/new" for ::1 at 2016-11-16 12:13:26 +0000
Processing by ReviewsController#new as HTML
  Parameters: {"restaurant_id"=>"3"}
  [1m[36mRestaurant Load (0.3ms)[0m  [1mSELECT  "restaurants".* FROM "restaurants" WHERE "restaurants"."id" = $1 LIMIT 1[0m  [["id", 3]]
  Rendered reviews/new.html.erb within layouts/application (5.0ms)
Completed 200 OK in 96ms (Views: 91.5ms | ActiveRecord: 0.3ms)


Started POST "/restaurants/3/reviews" for ::1 at 2016-11-16 12:14:58 +0000
Processing by ReviewsController#create as HTML
  Parameters: {"utf8"=>"✓", "authenticity_token"=>"xwp2ns4vDfrs7suBlwPdRHr1sfnRH9I1Qjgi3o25xpat9jo+Koly60MJcAE7UmMpkEIGEAPPwsfRJbJyhbcNyg==", "review"=>{"thoughts"=>"Lactose intolerant", "rating"=>"1"}, "commit"=>"Leave Review", "restaurant_id"=>"3"}
  [1m[35mRestaurant Load (0.9ms)[0m  SELECT  "restaurants".* FROM "restaurants" WHERE "restaurants"."id" = $1 LIMIT 1  [["id", 3]]
  [1m[36m (0.2ms)[0m  [1mBEGIN[0m
  [1m[35mSQL (1.0ms)[0m  INSERT INTO "reviews" ("thoughts", "rating", "restaurant_id", "created_at", "updated_at") VALUES ($1, $2, $3, $4, $5) RETURNING "id"  [["thoughts", "Lactose intolerant"], ["rating", 1], ["restaurant_id", 3], ["created_at", "2016-11-16 12:14:58.566284"], ["updated_at", "2016-11-16 12:14:58.566284"]]
  [1m[36m (5.1ms)[0m  [1mCOMMIT[0m
Redirected to http://localhost:3000/restaurants
Completed 302 Found in 48ms (ActiveRecord: 7.2ms)


Started GET "/restaurants" for ::1 at 2016-11-16 12:14:58 +0000
Processing by RestaurantsController#index as HTML
  [1m[35m (1.2ms)[0m  SELECT COUNT(*) FROM "restaurants"
  [1m[36mRestaurant Load (0.9ms)[0m  [1mSELECT "restaurants".* FROM "restaurants"[0m
  [1m[35mReview Load (0.4ms)[0m  SELECT "reviews".* FROM "reviews" WHERE "reviews"."restaurant_id" = $1  [["restaurant_id", 1]]
  [1m[36mReview Load (0.2ms)[0m  [1mSELECT "reviews".* FROM "reviews" WHERE "reviews"."restaurant_id" = $1[0m  [["restaurant_id", 2]]
  [1m[35mReview Load (0.2ms)[0m  SELECT "reviews".* FROM "reviews" WHERE "reviews"."restaurant_id" = $1  [["restaurant_id", 3]]
  Rendered restaurants/index.html.erb within layouts/application (14.2ms)
Completed 200 OK in 82ms (Views: 78.0ms | ActiveRecord: 3.0ms)


Started GET "/restaurants/new" for ::1 at 2016-11-16 12:15:00 +0000
Processing by RestaurantsController#new as HTML
  Rendered restaurants/new.html.erb within layouts/application (19.0ms)
Completed 200 OK in 69ms (Views: 67.0ms | ActiveRecord: 0.0ms)


Started POST "/restaurants" for ::1 at 2016-11-16 12:15:05 +0000
Processing by RestaurantsController#create as HTML
  Parameters: {"utf8"=>"✓", "authenticity_token"=>"zP/12TWHAQtcBC2tUAxfK84EAQkI22UoPNHWFFfufaOmA7l50SF+GvPjli38XeFGJLO24NoLddqvzEa4X+C2/w==", "restaurant"=>{"name"=>"DQ"}, "commit"=>"Create Restaurant"}
  [1m[36m (0.2ms)[0m  [1mBEGIN[0m
  [1m[35mRestaurant Exists (0.5ms)[0m  SELECT  1 AS one FROM "restaurants" WHERE "restaurants"."name" = 'DQ' LIMIT 1
  [1m[36m (0.2ms)[0m  [1mROLLBACK[0m
  Rendered restaurants/new.html.erb within layouts/application (4.1ms)
Completed 200 OK in 49ms (Views: 40.6ms | ActiveRecord: 0.9ms)


Started GET "/restaurants" for ::1 at 2016-11-16 12:15:19 +0000
Processing by RestaurantsController#index as HTML
  [1m[35m (1.4ms)[0m  SELECT COUNT(*) FROM "restaurants"
  [1m[36mRestaurant Load (0.5ms)[0m  [1mSELECT "restaurants".* FROM "restaurants"[0m
  [1m[35mReview Load (1.1ms)[0m  SELECT "reviews".* FROM "reviews" WHERE "reviews"."restaurant_id" = $1  [["restaurant_id", 1]]
  [1m[36mReview Load (0.3ms)[0m  [1mSELECT "reviews".* FROM "reviews" WHERE "reviews"."restaurant_id" = $1[0m  [["restaurant_id", 2]]
  [1m[35mReview Load (0.4ms)[0m  SELECT "reviews".* FROM "reviews" WHERE "reviews"."restaurant_id" = $1  [["restaurant_id", 3]]
  Rendered restaurants/index.html.erb within layouts/application (31.1ms)
Completed 200 OK in 102ms (Views: 90.7ms | ActiveRecord: 3.8ms)


Started GET "/assets/restaurants.self-e3b0c44298fc1c149afbf4c8996fb92427ae41e4649b934ca495991b7852b855.css?body=1" for ::1 at 2016-11-16 12:15:19 +0000


Started GET "/assets/jquery.self-bd7ddd393353a8d2480a622e80342adf488fb6006d667e8b42e4c0073393abee.js?body=1" for ::1 at 2016-11-16 12:15:19 +0000


Started GET "/assets/application.self-e80e8f2318043e8af94dddc2adad5a4f09739a8ebb323b3ab31cd71d45fd9113.css?body=1" for ::1 at 2016-11-16 12:15:19 +0000


Started GET "/assets/reviews.self-e3b0c44298fc1c149afbf4c8996fb92427ae41e4649b934ca495991b7852b855.css?body=1" for ::1 at 2016-11-16 12:15:19 +0000


Started GET "/assets/jquery_ujs.self-784a997f6726036b1993eb2217c9cb558e1cbb801c6da88105588c56f13b466a.js?body=1" for ::1 at 2016-11-16 12:15:19 +0000


Started GET "/assets/turbolinks.self-c5acd7a204f5f25ce7a1d8a0e4d92e28d34c9e2df2c7371cd7af88e147e4ad82.js?body=1" for ::1 at 2016-11-16 12:15:19 +0000


Started GET "/assets/restaurants.self-877aef30ae1b040ab8a3aba4e3e309a11d7f2612f44dde450b5c157aa5f95c05.js?body=1" for ::1 at 2016-11-16 12:15:19 +0000


Started GET "/assets/reviews.self-877aef30ae1b040ab8a3aba4e3e309a11d7f2612f44dde450b5c157aa5f95c05.js?body=1" for ::1 at 2016-11-16 12:15:19 +0000


Started GET "/assets/application.self-3b8dabdc891efe46b9a144b400ad69e37d7e5876bdc39dee783419a69d7ca819.js?body=1" for ::1 at 2016-11-16 12:15:19 +0000


Started GET "/restaurants/new" for ::1 at 2016-11-16 12:15:22 +0000
Processing by RestaurantsController#new as HTML
  Rendered restaurants/new.html.erb within layouts/application (8.0ms)
Completed 200 OK in 65ms (Views: 64.0ms | ActiveRecord: 0.0ms)


Started POST "/restaurants" for ::1 at 2016-11-16 12:15:24 +0000
Processing by RestaurantsController#create as HTML
  Parameters: {"utf8"=>"✓", "authenticity_token"=>"OXMAFCfTaL2MLV54ACu5x8MkTwPb8/TR7DCHfi/PtXNTj0y0w3UXrCPK5fisegeqKZP46gkj5CN/LRfSJ8F+Lw==", "restaurant"=>{"name"=>"DQ"}, "commit"=>"Create Restaurant"}
  [1m[36m (0.3ms)[0m  [1mBEGIN[0m
  [1m[35mRestaurant Exists (0.6ms)[0m  SELECT  1 AS one FROM "restaurants" WHERE "restaurants"."name" = 'DQ' LIMIT 1
  [1m[36m (0.2ms)[0m  [1mROLLBACK[0m
  Rendered restaurants/new.html.erb within layouts/application (2.8ms)
Completed 200 OK in 50ms (Views: 38.1ms | ActiveRecord: 1.0ms)
